app/(admin)/admin/categories/page.tsx(157,13): error TS2322: Type '(_: any, i: any) => Element' is not assignable to type '(item: Category) => ReactNode'.
  Target signature provides too few arguments. Expected 2 or more, but got 1.
app/(admin)/admin/categories/page.tsx(157,20): error TS7006: Parameter '_' implicitly has an 'any' type.
app/(admin)/admin/categories/page.tsx(157,23): error TS7006: Parameter 'i' implicitly has an 'any' type.
app/(admin)/admin/products/[id]/edit/page.tsx(76,21): error TS2322: Type 'string' is not assignable to type '"NEW" | "HOT" | "BEST SELLER" | null | undefined'.
app/(admin)/admin/settings/page.tsx(33,13): error TS2353: Object literal may only specify known properties, and 'siteName' does not exist in type 'AsyncDefaultValues<{ tagline?: string | undefined; logo_url?: string | undefined; hero_title?: string | undefined; hero_subtitle?: string | undefined; hero_image?: string | undefined; about_text?: string | undefined; wa_number?: string | undefined; }> | { ...; }'.
app/(admin)/admin/settings/page.tsx(47,27): error TS2769: No overload matches this call.
  Overload 1 of 4, '(names: readonly ("tagline" | "logo_url" | "hero_title" | "hero_subtitle" | "hero_image" | "about_text" | "wa_number")[], defaultValue?: { tagline?: string | undefined; logo_url?: string | undefined; ... 4 more ...; wa_number?: string | undefined; } | undefined): readonly (string | undefined)[]', gave the following error.
    Argument of type 'string' is not assignable to parameter of type 'readonly ("tagline" | "logo_url" | "hero_title" | "hero_subtitle" | "hero_image" | "about_text" | "wa_number")[]'.
  Overload 2 of 4, '(name: "tagline" | "logo_url" | "hero_title" | "hero_subtitle" | "hero_image" | "about_text" | "wa_number", defaultValue?: string | undefined): string | undefined', gave the following error.
    Argument of type '"logoUrl"' is not assignable to parameter of type '"tagline" | "logo_url" | "hero_title" | "hero_subtitle" | "hero_image" | "about_text" | "wa_number"'.
  Overload 3 of 4, '(callback: WatchObserver<{ tagline?: string | undefined; logo_url?: string | undefined; hero_title?: string | undefined; hero_subtitle?: string | undefined; hero_image?: string | undefined; about_text?: string | undefined; wa_number?: string | undefined; }>, defaultValues?: { ...; } | undefined): Subscription', gave the following error.
    Argument of type 'string' is not assignable to parameter of type 'WatchObserver<{ tagline?: string | undefined; logo_url?: string | undefined; hero_title?: string | undefined; hero_subtitle?: string | undefined; hero_image?: string | undefined; about_text?: string | undefined; wa_number?: string | undefined; }>'.
app/(admin)/admin/settings/page.tsx(48,29): error TS2769: No overload matches this call.
  Overload 1 of 4, '(names: readonly ("tagline" | "logo_url" | "hero_title" | "hero_subtitle" | "hero_image" | "about_text" | "wa_number")[], defaultValue?: { tagline?: string | undefined; logo_url?: string | undefined; ... 4 more ...; wa_number?: string | undefined; } | undefined): readonly (string | undefined)[]', gave the following error.
    Argument of type 'string' is not assignable to parameter of type 'readonly ("tagline" | "logo_url" | "hero_title" | "hero_subtitle" | "hero_image" | "about_text" | "wa_number")[]'.
  Overload 2 of 4, '(name: "tagline" | "logo_url" | "hero_title" | "hero_subtitle" | "hero_image" | "about_text" | "wa_number", defaultValue?: string | undefined): string | undefined', gave the following error.
    Argument of type '"heroImage"' is not assignable to parameter of type '"tagline" | "logo_url" | "hero_title" | "hero_subtitle" | "hero_image" | "about_text" | "wa_number"'.
  Overload 3 of 4, '(callback: WatchObserver<{ tagline?: string | undefined; logo_url?: string | undefined; hero_title?: string | undefined; hero_subtitle?: string | undefined; hero_image?: string | undefined; about_text?: string | undefined; wa_number?: string | undefined; }>, defaultValues?: { ...; } | undefined): Subscription', gave the following error.
    Argument of type 'string' is not assignable to parameter of type 'WatchObserver<{ tagline?: string | undefined; logo_url?: string | undefined; hero_title?: string | undefined; hero_subtitle?: string | undefined; hero_image?: string | undefined; about_text?: string | undefined; wa_number?: string | undefined; }>'.
app/(admin)/admin/settings/page.tsx(56,21): error TS2353: Object literal may only specify known properties, and 'siteName' does not exist in type '{ tagline?: string | undefined; logo_url?: string | undefined; hero_title?: string | undefined; hero_subtitle?: string | undefined; hero_image?: string | undefined; about_text?: string | undefined; wa_number?: string | undefined; } | { ...; } | ResetAction<...>'.
app/(admin)/admin/settings/page.tsx(174,54): error TS2345: Argument of type '"siteName"' is not assignable to parameter of type '"tagline" | "logo_url" | "hero_title" | "hero_subtitle" | "hero_image" | "about_text" | "wa_number"'.
app/(admin)/admin/settings/page.tsx(176,45): error TS2339: Property 'siteName' does not exist on type 'FieldErrors<{ tagline?: string | undefined; logo_url?: string | undefined; hero_title?: string | undefined; hero_subtitle?: string | undefined; hero_image?: string | undefined; about_text?: string | undefined; wa_number?: string | undefined; }>'.
app/(admin)/admin/settings/page.tsx(177,85): error TS2339: Property 'siteName' does not exist on type 'FieldErrors<{ tagline?: string | undefined; logo_url?: string | undefined; hero_title?: string | undefined; hero_subtitle?: string | undefined; hero_image?: string | undefined; about_text?: string | undefined; wa_number?: string | undefined; }>'.
app/(admin)/admin/settings/page.tsx(191,54): error TS2345: Argument of type '"siteDescription"' is not assignable to parameter of type '"tagline" | "logo_url" | "hero_title" | "hero_subtitle" | "hero_image" | "about_text" | "wa_number"'.
app/(admin)/admin/settings/page.tsx(193,45): error TS2339: Property 'siteDescription' does not exist on type 'FieldErrors<{ tagline?: string | undefined; logo_url?: string | undefined; hero_title?: string | undefined; hero_subtitle?: string | undefined; hero_image?: string | undefined; about_text?: string | undefined; wa_number?: string | undefined; }>'.
app/(admin)/admin/settings/page.tsx(194,85): error TS2339: Property 'siteDescription' does not exist on type 'FieldErrors<{ tagline?: string | undefined; logo_url?: string | undefined; hero_title?: string | undefined; hero_subtitle?: string | undefined; hero_image?: string | undefined; about_text?: string | undefined; wa_number?: string | undefined; }>'.
app/(admin)/admin/settings/page.tsx(206,41): error TS2322: Type 'readonly (string | undefined)[]' is not assignable to type 'string'.
app/(admin)/admin/settings/page.tsx(207,69): error TS2345: Argument of type '"logoUrl"' is not assignable to parameter of type '"tagline" | "logo_url" | "hero_title" | "hero_subtitle" | "hero_image" | "about_text" | "wa_number"'.
app/(admin)/admin/settings/page.tsx(212,41): error TS2551: Property 'logoUrl' does not exist on type 'FieldErrors<{ tagline?: string | undefined; logo_url?: string | undefined; hero_title?: string | undefined; hero_subtitle?: string | undefined; hero_image?: string | undefined; about_text?: string | undefined; wa_number?: string | undefined; }>'. Did you mean 'logo_url'?
app/(admin)/admin/settings/page.tsx(213,81): error TS2551: Property 'logoUrl' does not exist on type 'FieldErrors<{ tagline?: string | undefined; logo_url?: string | undefined; hero_title?: string | undefined; hero_subtitle?: string | undefined; hero_image?: string | undefined; about_text?: string | undefined; wa_number?: string | undefined; }>'. Did you mean 'logo_url'?
app/(admin)/admin/settings/page.tsx(235,54): error TS2345: Argument of type '"heroTitle"' is not assignable to parameter of type '"tagline" | "logo_url" | "hero_title" | "hero_subtitle" | "hero_image" | "about_text" | "wa_number"'.
app/(admin)/admin/settings/page.tsx(237,45): error TS2551: Property 'heroTitle' does not exist on type 'FieldErrors<{ tagline?: string | undefined; logo_url?: string | undefined; hero_title?: string | undefined; hero_subtitle?: string | undefined; hero_image?: string | undefined; about_text?: string | undefined; wa_number?: string | undefined; }>'. Did you mean 'hero_title'?
app/(admin)/admin/settings/page.tsx(238,85): error TS2551: Property 'heroTitle' does not exist on type 'FieldErrors<{ tagline?: string | undefined; logo_url?: string | undefined; hero_title?: string | undefined; hero_subtitle?: string | undefined; hero_image?: string | undefined; about_text?: string | undefined; wa_number?: string | undefined; }>'. Did you mean 'hero_title'?
app/(admin)/admin/settings/page.tsx(248,54): error TS2345: Argument of type '"heroSubtitle"' is not assignable to parameter of type '"tagline" | "logo_url" | "hero_title" | "hero_subtitle" | "hero_image" | "about_text" | "wa_number"'.
app/(admin)/admin/settings/page.tsx(250,45): error TS2551: Property 'heroSubtitle' does not exist on type 'FieldErrors<{ tagline?: string | undefined; logo_url?: string | undefined; hero_title?: string | undefined; hero_subtitle?: string | undefined; hero_image?: string | undefined; about_text?: string | undefined; wa_number?: string | undefined; }>'. Did you mean 'hero_subtitle'?
app/(admin)/admin/settings/page.tsx(251,85): error TS2551: Property 'heroSubtitle' does not exist on type 'FieldErrors<{ tagline?: string | undefined; logo_url?: string | undefined; hero_title?: string | undefined; hero_subtitle?: string | undefined; hero_image?: string | undefined; about_text?: string | undefined; wa_number?: string | undefined; }>'. Did you mean 'hero_subtitle'?
app/(admin)/admin/settings/page.tsx(258,41): error TS2322: Type 'readonly (string | undefined)[]' is not assignable to type 'string'.
app/(admin)/admin/settings/page.tsx(259,69): error TS2345: Argument of type '"heroImage"' is not assignable to parameter of type '"tagline" | "logo_url" | "hero_title" | "hero_subtitle" | "hero_image" | "about_text" | "wa_number"'.
app/(admin)/admin/settings/page.tsx(263,45): error TS2551: Property 'heroImage' does not exist on type 'FieldErrors<{ tagline?: string | undefined; logo_url?: string | undefined; hero_title?: string | undefined; hero_subtitle?: string | undefined; hero_image?: string | undefined; about_text?: string | undefined; wa_number?: string | undefined; }>'. Did you mean 'hero_image'?
app/(admin)/admin/settings/page.tsx(264,85): error TS2551: Property 'heroImage' does not exist on type 'FieldErrors<{ tagline?: string | undefined; logo_url?: string | undefined; hero_title?: string | undefined; hero_subtitle?: string | undefined; hero_image?: string | undefined; about_text?: string | undefined; wa_number?: string | undefined; }>'. Did you mean 'hero_image'?
app/(admin)/admin/settings/page.tsx(288,54): error TS2345: Argument of type '"contactEmail"' is not assignable to parameter of type '"tagline" | "logo_url" | "hero_title" | "hero_subtitle" | "hero_image" | "about_text" | "wa_number"'.
app/(admin)/admin/settings/page.tsx(290,45): error TS2339: Property 'contactEmail' does not exist on type 'FieldErrors<{ tagline?: string | undefined; logo_url?: string | undefined; hero_title?: string | undefined; hero_subtitle?: string | undefined; hero_image?: string | undefined; about_text?: string | undefined; wa_number?: string | undefined; }>'.
app/(admin)/admin/settings/page.tsx(291,85): error TS2339: Property 'contactEmail' does not exist on type 'FieldErrors<{ tagline?: string | undefined; logo_url?: string | undefined; hero_title?: string | undefined; hero_subtitle?: string | undefined; hero_image?: string | undefined; about_text?: string | undefined; wa_number?: string | undefined; }>'.
app/(admin)/admin/settings/page.tsx(300,54): error TS2345: Argument of type '"contactPhone"' is not assignable to parameter of type '"tagline" | "logo_url" | "hero_title" | "hero_subtitle" | "hero_image" | "about_text" | "wa_number"'.
app/(admin)/admin/settings/page.tsx(302,45): error TS2339: Property 'contactPhone' does not exist on type 'FieldErrors<{ tagline?: string | undefined; logo_url?: string | undefined; hero_title?: string | undefined; hero_subtitle?: string | undefined; hero_image?: string | undefined; about_text?: string | undefined; wa_number?: string | undefined; }>'.
app/(admin)/admin/settings/page.tsx(303,85): error TS2339: Property 'contactPhone' does not exist on type 'FieldErrors<{ tagline?: string | undefined; logo_url?: string | undefined; hero_title?: string | undefined; hero_subtitle?: string | undefined; hero_image?: string | undefined; about_text?: string | undefined; wa_number?: string | undefined; }>'.
app/(admin)/admin/settings/page.tsx(323,54): error TS2345: Argument of type '"instagramUrl"' is not assignable to parameter of type '"tagline" | "logo_url" | "hero_title" | "hero_subtitle" | "hero_image" | "about_text" | "wa_number"'.
app/(admin)/admin/settings/page.tsx(325,45): error TS2339: Property 'instagramUrl' does not exist on type 'FieldErrors<{ tagline?: string | undefined; logo_url?: string | undefined; hero_title?: string | undefined; hero_subtitle?: string | undefined; hero_image?: string | undefined; about_text?: string | undefined; wa_number?: string | undefined; }>'.
app/(admin)/admin/settings/page.tsx(326,85): error TS2339: Property 'instagramUrl' does not exist on type 'FieldErrors<{ tagline?: string | undefined; logo_url?: string | undefined; hero_title?: string | undefined; hero_subtitle?: string | undefined; hero_image?: string | undefined; about_text?: string | undefined; wa_number?: string | undefined; }>'.
app/(admin)/admin/settings/page.tsx(335,54): error TS2345: Argument of type '"tiktokUrl"' is not assignable to parameter of type '"tagline" | "logo_url" | "hero_title" | "hero_subtitle" | "hero_image" | "about_text" | "wa_number"'.
app/(admin)/admin/settings/page.tsx(337,45): error TS2339: Property 'tiktokUrl' does not exist on type 'FieldErrors<{ tagline?: string | undefined; logo_url?: string | undefined; hero_title?: string | undefined; hero_subtitle?: string | undefined; hero_image?: string | undefined; about_text?: string | undefined; wa_number?: string | undefined; }>'.
app/(admin)/admin/settings/page.tsx(338,85): error TS2339: Property 'tiktokUrl' does not exist on type 'FieldErrors<{ tagline?: string | undefined; logo_url?: string | undefined; hero_title?: string | undefined; hero_subtitle?: string | undefined; hero_image?: string | undefined; about_text?: string | undefined; wa_number?: string | undefined; }>'.
app/api/admin/categories/[id]/route.ts(22,38): error TS2339: Property 'errors' does not exist on type 'ZodError<{ name: string; slug?: string | undefined; }>'.
app/api/admin/categories/route.ts(34,38): error TS2339: Property 'errors' does not exist on type 'ZodError<{ name: string; slug?: string | undefined; }>'.
app/api/admin/products/[id]/route.ts(55,38): error TS2339: Property 'errors' does not exist on type 'ZodError<{ title: string; slug: string; description: string; price: number; image: string; shopeeUrl: string; tokopediaUrl: string; categoryId: string; isActive: boolean; images?: string[] | undefined; badge?: "NEW" | ... 3 more ... | undefined; }>'.
app/api/admin/products/route.ts(62,38): error TS2339: Property 'errors' does not exist on type 'ZodError<{ title: string; slug: string; description: string; price: number; image: string; shopeeUrl: string; tokopediaUrl: string; categoryId: string; isActive: boolean; images?: string[] | undefined; badge?: "NEW" | ... 3 more ... | undefined; }>'.
app/api/admin/settings/route.ts(34,38): error TS2339: Property 'errors' does not exist on type 'ZodError<{ tagline?: string | undefined; logo_url?: string | undefined; hero_title?: string | undefined; hero_subtitle?: string | undefined; hero_image?: string | undefined; about_text?: string | undefined; wa_number?: string | undefined; }>'.
components/admin/ProductForm.tsx(54,9): error TS2322: Type 'Resolver<{ title: string; slug: string; description: string; price: number; image: string; shopeeUrl: string; tokopediaUrl: string; categoryId: string; images?: string[] | undefined; badge?: "NEW" | "HOT" | "BEST SELLER" | null | undefined; isActive?: boolean | undefined; }, any, { ...; }>' is not assignable to type 'Resolver<{ title: string; slug: string; description: string; price: number; image: string; shopeeUrl: string; tokopediaUrl: string; categoryId: string; isActive: boolean; images?: string[] | undefined; badge?: "NEW" | ... 3 more ... | undefined; }, any, { ...; }>'.
  Types of parameters 'options' and 'options' are incompatible.
    Type 'ResolverOptions<{ title: string; slug: string; description: string; price: number; image: string; shopeeUrl: string; tokopediaUrl: string; categoryId: string; isActive: boolean; images?: string[] | undefined; badge?: "NEW" | ... 3 more ... | undefined; }>' is not assignable to type 'ResolverOptions<{ title: string; slug: string; description: string; price: number; image: string; shopeeUrl: string; tokopediaUrl: string; categoryId: string; images?: string[] | undefined; badge?: "NEW" | "HOT" | "BEST SELLER" | null | undefined; isActive?: boolean | undefined; }>'.
      Type 'boolean | undefined' is not assignable to type 'boolean'.
        Type 'undefined' is not assignable to type 'boolean'.
components/admin/ProductForm.tsx(64,13): error TS2322: Type '"" | "NEW" | "HOT" | "BEST SELLER"' is not assignable to type '"NEW" | "HOT" | "BEST SELLER" | null | undefined'.
  Type '""' is not assignable to type '"NEW" | "HOT" | "BEST SELLER" | null | undefined'.
components/admin/ProductForm.tsx(135,38): error TS2345: Argument of type '(data: ProductValues) => Promise<void>' is not assignable to parameter of type 'SubmitHandler<TFieldValues>'.
  Types of parameters 'data' and 'data' are incompatible.
    Type 'TFieldValues' is not assignable to type '{ title: string; slug: string; description: string; price: number; image: string; shopeeUrl: string; tokopediaUrl: string; categoryId: string; isActive: boolean; images?: string[] | undefined; badge?: "NEW" | ... 3 more ... | undefined; }'.
      Type 'FieldValues' is missing the following properties from type '{ title: string; slug: string; description: string; price: number; image: string; shopeeUrl: string; tokopediaUrl: string; categoryId: string; isActive: boolean; images?: string[] | undefined; badge?: "NEW" | ... 3 more ... | undefined; }': title, slug, description, price, and 5 more.
components/admin/ProductForm.tsx(384,73): error TS2345: Argument of type 'string' is not assignable to parameter of type '"NEW" | "HOT" | "BEST SELLER" | null | undefined'.
components/admin/ProductForm.tsx(397,39): error TS2367: This comparison appears to be unintentional because the types '"NEW" | "HOT" | "BEST SELLER"' and '"none"' have no overlap.
